[0.012s] Invoking command in '/home/abhinandan/ROS2-projects/manipulation/build/arduinobot_messages': CMAKE_PREFIX_PATH=${CMAKE_PREFIX_PATH}:/home/abhinandan/ROS2-projects/manipulation/install/arduinobot_py_examples:/opt/ros/humble /usr/bin/cmake --build /home/abhinandan/ROS2-projects/manipulation/build/arduinobot_messages -- -j4 -l4
[0.070s] -- Found ament_cmake: 1.3.11 (/opt/ros/humble/share/ament_cmake/cmake)
[0.212s] -- Found std_msgs: 4.8.0 (/opt/ros/humble/share/std_msgs/cmake)
[0.264s] -- Found rosidl_generator_c: 3.1.6 (/opt/ros/humble/share/rosidl_generator_c/cmake)
[0.278s] -- Found rosidl_adapter: 3.1.6 (/opt/ros/humble/share/rosidl_adapter/cmake)
[0.285s] -- Found rosidl_generator_cpp: 3.1.6 (/opt/ros/humble/share/rosidl_generator_cpp/cmake)
[0.298s] -- Using all available rosidl_typesupport_c: rosidl_typesupport_fastrtps_c;rosidl_typesupport_introspection_c
[0.310s] -- Using all available rosidl_typesupport_cpp: rosidl_typesupport_fastrtps_cpp;rosidl_typesupport_introspection_cpp
[0.335s] -- Found rosidl_default_generators: 1.2.0 (/opt/ros/humble/share/rosidl_default_generators/cmake)
[0.465s] [31mCMake Error at /opt/ros/humble/share/rosidl_adapter/cmake/rosidl_adapt_interfaces.cmake:59 (message):
[0.465s]   execute_process(/usr/bin/python3 -m rosidl_adapter --package-name
[0.465s]   arduinobot_messages --arguments-file
[0.466s]   /home/abhinandan/ROS2-projects/manipulation/build/arduinobot_messages/rosidl_adapter__arguments__arduinobot_messages.json
[0.466s]   --output-dir
[0.466s]   /home/abhinandan/ROS2-projects/manipulation/build/arduinobot_messages/rosidl_adapter/arduinobot_messages
[0.466s]   --output-file
[0.466s]   /home/abhinandan/ROS2-projects/manipulation/build/arduinobot_messages/rosidl_adapter/arduinobot_messages.idls)
[0.466s]   returned error code 1:
[0.466s] 
[0.466s]   Traceback (most recent call last):
[0.466s] 
[0.466s]     File "/usr/lib/python3.10/runpy.py", line 196, in _run_module_as_main
[0.466s]       return _run_code(code, main_globals, None,
[0.466s]     File "/usr/lib/python3.10/runpy.py", line 86, in _run_code
[0.466s]       exec(code, run_globals)
[0.466s]     File "/opt/ros/humble/local/lib/python3.10/dist-packages/rosidl_adapter/__main__.py", line 19, in <module>
[0.466s]       sys.exit(main())
[0.466s]     File "/opt/ros/humble/local/lib/python3.10/dist-packages/rosidl_adapter/main.py", line 53, in main
[0.466s]       abs_idl_file = convert_to_idl(
[0.466s]     File "/opt/ros/humble/local/lib/python3.10/dist-packages/rosidl_adapter/__init__.py", line 24, in convert_to_idl
[0.466s]       return convert_srv_to_idl(
[0.466s]     File "/opt/ros/humble/local/lib/python3.10/dist-packages/rosidl_adapter/srv/__init__.py", line 28, in convert_srv_to_idl
[0.466s]       srv = parse_service_string(package_name, input_file.stem, content)
[0.466s]     File "/opt/ros/humble/local/lib/python3.10/dist-packages/rosidl_adapter/parser.py", line 850, in parse_service_string
[0.466s]       raise InvalidServiceSpecification(
[0.466s] 
[0.466s]   rosidl_adapter.parser.InvalidServiceSpecification: Could not find separator
[0.466s]   '---' between request and response
[0.466s] 
[0.466s] Call Stack (most recent call first):
[0.466s]   /opt/ros/humble/share/rosidl_cmake/cmake/rosidl_generate_interfaces.cmake:130 (rosidl_adapt_interfaces)
[0.466s]   CMakeLists.txt:16 (rosidl_generate_interfaces)
[0.466s] 
[0.466s] [0m
[0.470s] -- Configuring incomplete, errors occurred!
[0.470s] See also "/home/abhinandan/ROS2-projects/manipulation/build/arduinobot_messages/CMakeFiles/CMakeOutput.log".
[0.470s] gmake: *** [Makefile:226: cmake_check_build_system] Error 1
[0.471s] Invoked command in '/home/abhinandan/ROS2-projects/manipulation/build/arduinobot_messages' returned '2': CMAKE_PREFIX_PATH=${CMAKE_PREFIX_PATH}:/home/abhinandan/ROS2-projects/manipulation/install/arduinobot_py_examples:/opt/ros/humble /usr/bin/cmake --build /home/abhinandan/ROS2-projects/manipulation/build/arduinobot_messages -- -j4 -l4
